Info: CustomCategory:ciclo_de_vida: 65 mini seconds publishing element
Info: DeliveryProcess:IndieGameProcess: 560 mini seconds publishing element
Info: DeliveryProcess:IndieGameProcess: 2760 mini seconds publishing process specific layout data
Info: Phase:Concepção: 140 mini seconds publishing element
Info: Activity:Visão geral: 195 mini seconds publishing element
Info: Activity:Enredo: 190 mini seconds publishing element
Info: Activity:Personagem: 160 mini seconds publishing element
Info: Activity:Inimigos: 100 mini seconds publishing element
Info: Phase:Elaboração: 115 mini seconds publishing element
Info: Activity:Pesquisa de Similares: 147 mini seconds publishing element
Info: Activity:Mecânicas: 373 mini seconds publishing element
Info: Activity:Identidade: 270 mini seconds publishing element
Info: Activity:Level design: 230 mini seconds publishing element
Info: Phase:Produção: 180 mini seconds publishing element
Info: Iteration:Execução de level: 185 mini seconds publishing element
Info: Activity:Requisitos de level: 285 mini seconds publishing element
Info: Activity:Produção de sprites: 205 mini seconds publishing element
Info: Activity:Produção de sons: 215 mini seconds publishing element
Info: Activity:Programação do level: 220 mini seconds publishing element
Info: Activity:Validação do level : 240 mini seconds publishing element
Info: Activity:Integrar levels: 220 mini seconds publishing element
Info: Phase:Publicação: 95 mini seconds publishing element
Info: Activity:Testar jogo: 100 mini seconds publishing element
Info: Activity:Refinar jogo: 295 mini seconds publishing element
Info: Activity:Publicar jogo: 210 mini seconds publishing element
Info: CustomCategory:entradas_e_sadas: 25 mini seconds publishing element
Info: Artifact:back_history: 20 mini seconds publishing element
Info: Artifact:enredo_do_jogo: 20 mini seconds publishing element
Info: Artifact:mundo_do_jogo: 20 mini seconds publishing element
Info: Artifact:arte_conceitual_de_ambiente: 10 mini seconds publishing element
Info: Artifact:arte_conceitual_de_inimigos: 20 mini seconds publishing element
Info: Artifact:arte_conceitual_de_personagem: 10 mini seconds publishing element
Info: Artifact:identidade_sonora: 15 mini seconds publishing element
Info: Artifact:paleta_de_cores_e_estilo_de_arte: 15 mini seconds publishing element
Info: Artifact:tipografia: 10 mini seconds publishing element
Info: Artifact:caracteristicas_dos_inimigos: 10 mini seconds publishing element
Info: Deliverable:jogo: 20 mini seconds publishing element
Info: Artifact:informaes_de_level_design: 0 mini seconds publishing element
Info: Artifact:level_design: 10 mini seconds publishing element
Info: Artifact:condies_de_vitria_e_derrota: 10 mini seconds publishing element
Info: Artifact:mecanicas_de_combate: 15 mini seconds publishing element
Info: Artifact:mecanicas_de_perigo: 25 mini seconds publishing element
Info: Artifact:mecanicas_de_recompensa: 20 mini seconds publishing element
Info: Artifact:mecanicas_dos_inimigos: 10 mini seconds publishing element
Info: Artifact:back_story_personagem: 20 mini seconds publishing element
Info: Artifact:caracteristicas_do_personagem: 35 mini seconds publishing element
Info: Artifact:enredo_do_personagem: 25 mini seconds publishing element
Info: Artifact:jogos_similares: 30 mini seconds publishing element
Info: Artifact:artes_de_um_level: 15 mini seconds publishing element
Info: Artifact:sons_de_um_level: 5 mini seconds publishing element
Info: Artifact:integrao_de_level_design: 20 mini seconds publishing element
Info: Artifact:mecanicas_codificadas: 10 mini seconds publishing element
Info: Artifact:feedback_do_jogo: 10 mini seconds publishing element
Info: Artifact:artes_requisitadas: 10 mini seconds publishing element
Info: Artifact:mecanicas_requisitadas: 10 mini seconds publishing element
Info: Artifact:sons_requistados: 10 mini seconds publishing element
Info: Artifact:feedback_de_level: 10 mini seconds publishing element
Info: Artifact:refinamento_de_level: 10 mini seconds publishing element
Info: Artifact:gnero_de_jogo: 15 mini seconds publishing element
Info: Artifact:objetivo_do_jogo: 5 mini seconds publishing element
Info: Artifact:tema_do_jogo: 20 mini seconds publishing element
Info: Artifact:titulo_do_jogo: 20 mini seconds publishing element
Info: CustomCategory:papis: 10 mini seconds publishing element
Info: Role:game_designer: 150 mini seconds publishing element
Info: Role:artista_grfico: 60 mini seconds publishing element
Info: Role:msico: 60 mini seconds publishing element
Info: Role:programador: 60 mini seconds publishing element
Info: Role:playtest: 40 mini seconds publishing element
Info: CustomCategory:tarefas: 15 mini seconds publishing element
Info: Discipline:artes_e_sons: 15 mini seconds publishing element
Info: Task:produo_de_sprites_animaes_e_menus: 61 mini seconds publishing element
Info: Task:produo_de_msicas_e_efeitos_sonoros: 24 mini seconds publishing element
Info: Discipline:enredo: 20 mini seconds publishing element
Info: Task:enredo: 25 mini seconds publishing element
Info: Task:back_history: 15 mini seconds publishing element
Info: Task:mundo: 15 mini seconds publishing element
Info: Discipline:identidades: 10 mini seconds publishing element
Info: Task:construcao_da_identidade_visual: 27 mini seconds publishing element
Info: Task:construcao_da_identidade_sonora: 13 mini seconds publishing element
Info: Discipline:inimigos: 5 mini seconds publishing element
Info: Task:caracteristicas_dos_inimigos: 15 mini seconds publishing element
Info: Discipline:integrar_level: 10 mini seconds publishing element
Info: Task:integrar_levels: 15 mini seconds publishing element
Info: Discipline:level_design: 5 mini seconds publishing element
Info: Task:definir_level_design: 10 mini seconds publishing element
Info: Task:produo_de_level_design: 38 mini seconds publishing element
Info: Discipline:mecanicas: 11 mini seconds publishing element
Info: Task:mecanicas_do_personagem: 17 mini seconds publishing element
Info: Task:mecnicas_dos_inimigos: 27 mini seconds publishing element
Info: Task:mecanicas_de_recompensa: 18 mini seconds publishing element
Info: Task:mecanicas_de_perigo: 16 mini seconds publishing element
Info: Task:mecanicas_de_combate: 17 mini seconds publishing element
Info: Task:condies_de_jogo: 22 mini seconds publishing element
Info: Discipline:personagem: 24 mini seconds publishing element
Info: Task:caracteristicas_do_personagem_: 14 mini seconds publishing element
Info: Task:enredo_personagem: 11 mini seconds publishing element
Info: Task:back_history_personagem: 14 mini seconds publishing element
Info: Discipline:pesquisa_de_similares: 11 mini seconds publishing element
Info: Task:pesquisa_de_similares: 15 mini seconds publishing element
Info: Discipline:programao_de_level_: 17 mini seconds publishing element
Info: Task:codificar_mecnicas: 23 mini seconds publishing element
Info: Task:integrar_assets: 47 mini seconds publishing element
Info: Discipline:publicao: 32 mini seconds publishing element
Info: Task:testar_jogo: 27 mini seconds publishing element
Info: Task:refinar_jogo: 26 mini seconds publishing element
Info: Task:publicar_jogo: 33 mini seconds publishing element
Info: Discipline:requisitos_de_level_design: 17 mini seconds publishing element
Info: Task:artes_do_level: 20 mini seconds publishing element
Info: Task:sons_do_level: 30 mini seconds publishing element
Info: Task:mecanicas_do_level: 27 mini seconds publishing element
Info: Discipline:validao_de_level: 17 mini seconds publishing element
Info: Task:testar_level: 26 mini seconds publishing element
Info: Task:refinar_level_design: 34 mini seconds publishing element
Info: Discipline:viso_geral_do_jogo: 17 mini seconds publishing element
Info: Task:definir_tematica_de_jogo: 15 mini seconds publishing element
Info: Task:definir_objetivo_do_jogo: 26 mini seconds publishing element
Info: Task:definir_o_titulo_do_jogo: 26 mini seconds publishing element
Info: Task:definir_o_gnero_de_jogo: 12 mini seconds publishing element
Info: CustomCategory:fases: 9 mini seconds publishing element
Info: TaskDescriptor:definir_tematica_de_jogo: 23 mini seconds publishing element
Info: TaskDescriptor:definir_objetivo_do_jogo: 16 mini seconds publishing element
Info: TaskDescriptor:definir_o_titulo_do_jogo: 20 mini seconds publishing element
Info: TaskDescriptor:definir_o_gnero_de_jogo: 19 mini seconds publishing element
Info: TaskDescriptor:enredo: 19 mini seconds publishing element
Info: TaskDescriptor:back_history: 15 mini seconds publishing element
Info: TaskDescriptor:mundo: 15 mini seconds publishing element
Info: TaskDescriptor:caracteristicas_do_personagem_: 11 mini seconds publishing element
Info: TaskDescriptor:enredo_personagem: 10 mini seconds publishing element
Info: TaskDescriptor:back_history_personagem: 11 mini seconds publishing element
Info: TaskDescriptor:caracteristicas_dos_inimigos: 14 mini seconds publishing element
Info: TaskDescriptor:pesquisa_de_similares: 19 mini seconds publishing element
Info: TaskDescriptor:mecanicas_do_personagem: 13 mini seconds publishing element
Info: TaskDescriptor:mecnicas_dos_inimigos: 10 mini seconds publishing element
Info: TaskDescriptor:condies_de_jogo: 12 mini seconds publishing element
Info: TaskDescriptor:mecanicas_de_recompensa: 10 mini seconds publishing element
Info: TaskDescriptor:mecanicas_de_perigo: 10 mini seconds publishing element
Info: TaskDescriptor:mecanicas_de_combate: 11 mini seconds publishing element
Info: TaskDescriptor:construcao_da_identidade_visual: 69 mini seconds publishing element
Info: TaskDescriptor:construcao_da_identidade_sonora: 18 mini seconds publishing element
Info: TaskDescriptor:definir_level_design: 19 mini seconds publishing element
Info: TaskDescriptor:produo_de_level_design: 45 mini seconds publishing element
Info: TaskDescriptor:artes_do_level: 28 mini seconds publishing element
Info: TaskDescriptor:sons_do_level: 29 mini seconds publishing element
Info: TaskDescriptor:mecanicas_do_level: 24 mini seconds publishing element
Info: TaskDescriptor:produo_de_sprites_animaes_e_menus: 27 mini seconds publishing element
Info: TaskDescriptor:produo_de_msicas_e_efeitos_sonoros: 30 mini seconds publishing element
Info: TaskDescriptor:codificar_mecnicas: 34 mini seconds publishing element
Info: TaskDescriptor:integrar_assets: 34 mini seconds publishing element
Info: TaskDescriptor:testar_level: 24 mini seconds publishing element
Info: TaskDescriptor:refinar_level_design: 24 mini seconds publishing element
Info: TaskDescriptor:integrar_levels: 25 mini seconds publishing element
Info: TaskDescriptor:testar_jogo: 18 mini seconds publishing element
Info: TaskDescriptor:refinar_jogo: 14 mini seconds publishing element
Info: TaskDescriptor:publicar_jogo: 19 mini seconds publishing element
Info: RoleDescriptor:artista_grfico: 14 mini seconds publishing element
Info: RoleDescriptor:game_designer: 19 mini seconds publishing element
Info: RoleDescriptor:msico: 10 mini seconds publishing element
Info: RoleDescriptor:playtest: 10 mini seconds publishing element
Info: RoleDescriptor:programador: 20 mini seconds publishing element
Info: WorkProductDescriptor:arte_conceitual_de_ambiente: 20 mini seconds publishing element
Info: WorkProductDescriptor:arte_conceitual_de_inimigos: 20 mini seconds publishing element
Info: WorkProductDescriptor:arte_conceitual_de_personagem: 20 mini seconds publishing element
Info: WorkProductDescriptor:artes_de_um_level: 10 mini seconds publishing element
Info: WorkProductDescriptor:artes_requisitadas: 10 mini seconds publishing element
Info: WorkProductDescriptor:back_history: 20 mini seconds publishing element
Info: WorkProductDescriptor:back_story_personagem: 10 mini seconds publishing element
Info: WorkProductDescriptor:caracteristicas_do_personagem: 10 mini seconds publishing element
Info: WorkProductDescriptor:caracteristicas_dos_inimigos: 10 mini seconds publishing element
Info: WorkProductDescriptor:condies_de_vitria_e_derrota: 10 mini seconds publishing element
Info: WorkProductDescriptor:enredo_do_jogo: 10 mini seconds publishing element
Info: WorkProductDescriptor:enredo_do_personagem: 10 mini seconds publishing element
Info: WorkProductDescriptor:feedback_de_level: 20 mini seconds publishing element
Info: WorkProductDescriptor:feedback_do_jogo: 18 mini seconds publishing element
Info: WorkProductDescriptor:gnero_de_jogo: 11 mini seconds publishing element
Info: WorkProductDescriptor:identidade_sonora: 15 mini seconds publishing element
Info: WorkProductDescriptor:informaes_de_level_design: 7 mini seconds publishing element
Info: WorkProductDescriptor:integrao_de_level_design: 9 mini seconds publishing element
Info: WorkProductDescriptor:jogo: 83 mini seconds publishing element
Info: WorkProductDescriptor:jogos_similares: 33 mini seconds publishing element
Info: WorkProductDescriptor:level_design: 37 mini seconds publishing element
Info: WorkProductDescriptor:mecanicas_codificadas: 43 mini seconds publishing element
Info: WorkProductDescriptor:mecanicas_de_combate: 32 mini seconds publishing element
Info: WorkProductDescriptor:mecanicas_de_perigo: 32 mini seconds publishing element
Info: WorkProductDescriptor:mecanicas_de_recompensa: 21 mini seconds publishing element
Info: WorkProductDescriptor:mecanicas_do_personagem: 30 mini seconds publishing element
Info: WorkProductDescriptor:mecanicas_dos_inimigos: 17 mini seconds publishing element
Info: WorkProductDescriptor:mecanicas_requisitadas: 15 mini seconds publishing element
Info: WorkProductDescriptor:mundo_do_jogo: 13 mini seconds publishing element
Info: WorkProductDescriptor:objetivo_do_jogo: 12 mini seconds publishing element
Info: WorkProductDescriptor:paleta_de_cores_e_estilo_de_arte: 13 mini seconds publishing element
Info: WorkProductDescriptor:refinamento_de_level: 13 mini seconds publishing element
Info: WorkProductDescriptor:sons_de_um_level: 11 mini seconds publishing element
Info: WorkProductDescriptor:sons_requistados: 11 mini seconds publishing element
Info: WorkProductDescriptor:tema_do_jogo: 10 mini seconds publishing element
Info: WorkProductDescriptor:tipografia: 12 mini seconds publishing element
Info: WorkProductDescriptor:titulo_do_jogo: 12 mini seconds publishing element
Info: RoleDescriptor:game_designer: 12 mini seconds publishing element
Info: WorkProductDescriptor:gnero_de_jogo: 11 mini seconds publishing element
Info: WorkProductDescriptor:objetivo_do_jogo: 9 mini seconds publishing element
Info: WorkProductDescriptor:tema_do_jogo: 9 mini seconds publishing element
Info: WorkProductDescriptor:titulo_do_jogo: 9 mini seconds publishing element
Info: RoleDescriptor:game_designer: 13 mini seconds publishing element
Info: WorkProductDescriptor:back_history: 11 mini seconds publishing element
Info: WorkProductDescriptor:enredo_do_jogo: 5 mini seconds publishing element
Info: WorkProductDescriptor:mundo_do_jogo: 10 mini seconds publishing element
Info: WorkProductDescriptor:back_history: 15 mini seconds publishing element
Info: WorkProductDescriptor:back_story_personagem: 5 mini seconds publishing element
Info: WorkProductDescriptor:caracteristicas_do_personagem: 12 mini seconds publishing element
Info: WorkProductDescriptor:enredo_do_jogo: 18 mini seconds publishing element
Info: WorkProductDescriptor:enredo_do_personagem: 10 mini seconds publishing element
Info: WorkProductDescriptor:mundo_do_jogo: 10 mini seconds publishing element
Info: RoleDescriptor:game_designer: 10 mini seconds publishing element
Info: WorkProductDescriptor:back_history: 10 mini seconds publishing element
Info: WorkProductDescriptor:back_story_personagem: 10 mini seconds publishing element
Info: WorkProductDescriptor:caracteristicas_do_personagem: 15 mini seconds publishing element
Info: WorkProductDescriptor:caracteristicas_dos_inimigos: 0 mini seconds publishing element
Info: WorkProductDescriptor:enredo_do_jogo: 22 mini seconds publishing element
Info: WorkProductDescriptor:enredo_do_personagem: 23 mini seconds publishing element
Info: WorkProductDescriptor:gnero_de_jogo: 41 mini seconds publishing element
Info: WorkProductDescriptor:mundo_do_jogo: 31 mini seconds publishing element
Info: WorkProductDescriptor:objetivo_do_jogo: 19 mini seconds publishing element
Info: WorkProductDescriptor:tema_do_jogo: 21 mini seconds publishing element
Info: RoleDescriptor:game_designer: 26 mini seconds publishing element
Info: WorkProductDescriptor:jogos_similares: 14 mini seconds publishing element
Info: RoleDescriptor:artista_grfico: 21 mini seconds publishing element
Info: RoleDescriptor:msico: 16 mini seconds publishing element
Info: WorkProductDescriptor:back_story_personagem: 23 mini seconds publishing element
Info: WorkProductDescriptor:caracteristicas_do_personagem: 19 mini seconds publishing element
Info: WorkProductDescriptor:caracteristicas_dos_inimigos: 17 mini seconds publishing element
Info: WorkProductDescriptor:enredo_do_jogo: 20 mini seconds publishing element
Info: WorkProductDescriptor:enredo_do_personagem: 19 mini seconds publishing element
Info: WorkProductDescriptor:gnero_de_jogo: 22 mini seconds publishing element
Info: WorkProductDescriptor:jogos_similares: 33 mini seconds publishing element
Info: WorkProductDescriptor:tema_do_jogo: 32 mini seconds publishing element
Info: RoleDescriptor:artista_grfico: 19 mini seconds publishing element
Info: RoleDescriptor:game_designer: 26 mini seconds publishing element
Info: RoleDescriptor:msico: 13 mini seconds publishing element
Info: RoleDescriptor:programador: 11 mini seconds publishing element
Info: WorkProductDescriptor:arte_conceitual_de_ambiente: 15 mini seconds publishing element
Info: WorkProductDescriptor:arte_conceitual_de_inimigos: 13 mini seconds publishing element
Info: WorkProductDescriptor:arte_conceitual_de_personagem: 6 mini seconds publishing element
Info: WorkProductDescriptor:back_history: 17 mini seconds publishing element
Info: WorkProductDescriptor:back_story_personagem: 15 mini seconds publishing element
Info: WorkProductDescriptor:caracteristicas_do_personagem: 10 mini seconds publishing element
Info: WorkProductDescriptor:caracteristicas_dos_inimigos: 15 mini seconds publishing element
Info: WorkProductDescriptor:condies_de_vitria_e_derrota: 10 mini seconds publishing element
Info: WorkProductDescriptor:enredo_do_jogo: 15 mini seconds publishing element
Info: WorkProductDescriptor:enredo_do_personagem: 10 mini seconds publishing element
Info: WorkProductDescriptor:identidade_sonora: 20 mini seconds publishing element
Info: WorkProductDescriptor:jogos_similares: 10 mini seconds publishing element
Info: WorkProductDescriptor:mecanicas_de_combate: 10 mini seconds publishing element
Info: WorkProductDescriptor:mecanicas_de_perigo: 20 mini seconds publishing element
Info: WorkProductDescriptor:mecanicas_de_recompensa: 10 mini seconds publishing element
Info: WorkProductDescriptor:mecanicas_do_personagem: 20 mini seconds publishing element
Info: WorkProductDescriptor:mecanicas_dos_inimigos: 10 mini seconds publishing element
Info: WorkProductDescriptor:mundo_do_jogo: 10 mini seconds publishing element
Info: WorkProductDescriptor:paleta_de_cores_e_estilo_de_arte: 10 mini seconds publishing element
Info: RoleDescriptor:artista_grfico: 10 mini seconds publishing element
Info: RoleDescriptor:game_designer: 10 mini seconds publishing element
Info: RoleDescriptor:msico: 10 mini seconds publishing element
Info: RoleDescriptor:programador: 8 mini seconds publishing element
Info: WorkProductDescriptor:arte_conceitual_de_ambiente: 10 mini seconds publishing element
Info: WorkProductDescriptor:arte_conceitual_de_inimigos: 10 mini seconds publishing element
Info: WorkProductDescriptor:arte_conceitual_de_personagem: 10 mini seconds publishing element
Info: WorkProductDescriptor:back_story_personagem: 10 mini seconds publishing element
Info: WorkProductDescriptor:caracteristicas_do_personagem: 10 mini seconds publishing element
Info: WorkProductDescriptor:condies_de_vitria_e_derrota: 10 mini seconds publishing element
Info: WorkProductDescriptor:enredo_do_personagem: 10 mini seconds publishing element
Info: WorkProductDescriptor:informaes_de_level_design: 10 mini seconds publishing element
Info: WorkProductDescriptor:jogos_similares: 29 mini seconds publishing element
Info: WorkProductDescriptor:level_design: 15 mini seconds publishing element
Info: WorkProductDescriptor:mecanicas_de_combate: 14 mini seconds publishing element
Info: WorkProductDescriptor:mecanicas_de_perigo: 11 mini seconds publishing element
Info: WorkProductDescriptor:mecanicas_de_recompensa: 10 mini seconds publishing element
Info: WorkProductDescriptor:mecanicas_do_personagem: 45 mini seconds publishing element
Info: WorkProductDescriptor:mecanicas_dos_inimigos: 15 mini seconds publishing element
Info: WorkProductDescriptor:mundo_do_jogo: 20 mini seconds publishing element
Info: WorkProductDescriptor:paleta_de_cores_e_estilo_de_arte: 10 mini seconds publishing element
Info: WorkProductDescriptor:tipografia: 15 mini seconds publishing element
Info: RoleDescriptor:artista_grfico: 15 mini seconds publishing element
Info: WorkProductDescriptor:arte_conceitual_de_ambiente: 15 mini seconds publishing element
Info: WorkProductDescriptor:arte_conceitual_de_inimigos: 5 mini seconds publishing element
Info: WorkProductDescriptor:arte_conceitual_de_personagem: 20 mini seconds publishing element
Info: WorkProductDescriptor:artes_requisitadas: 10 mini seconds publishing element
Info: WorkProductDescriptor:informaes_de_level_design: 10 mini seconds publishing element
Info: WorkProductDescriptor:level_design: 10 mini seconds publishing element
Info: WorkProductDescriptor:paleta_de_cores_e_estilo_de_arte: 10 mini seconds publishing element
Info: WorkProductDescriptor:tipografia: 20 mini seconds publishing element
Info: RoleDescriptor:msico: 12 mini seconds publishing element
Info: WorkProductDescriptor:artes_de_um_level: 8 mini seconds publishing element
Info: WorkProductDescriptor:jogos_similares: 15 mini seconds publishing element
Info: WorkProductDescriptor:level_design: 15 mini seconds publishing element
Info: WorkProductDescriptor:mecanicas_requisitadas: 20 mini seconds publishing element
Info: WorkProductDescriptor:mundo_do_jogo: 10 mini seconds publishing element
Info: WorkProductDescriptor:sons_requistados: 20 mini seconds publishing element
Info: RoleDescriptor:artista_grfico: 12 mini seconds publishing element
Info: RoleDescriptor:game_designer: 18 mini seconds publishing element
Info: RoleDescriptor:msico: 10 mini seconds publishing element
Info: RoleDescriptor:programador: 15 mini seconds publishing element
Info: WorkProductDescriptor:artes_de_um_level: 20 mini seconds publishing element
Info: WorkProductDescriptor:artes_requisitadas: 15 mini seconds publishing element
Info: WorkProductDescriptor:condies_de_vitria_e_derrota: 17 mini seconds publishing element
Info: WorkProductDescriptor:mecanicas_de_combate: 18 mini seconds publishing element
Info: WorkProductDescriptor:mecanicas_de_perigo: 20 mini seconds publishing element
Info: WorkProductDescriptor:mecanicas_de_recompensa: 10 mini seconds publishing element
Info: WorkProductDescriptor:mecanicas_do_personagem: 20 mini seconds publishing element
Info: WorkProductDescriptor:mecanicas_dos_inimigos: 10 mini seconds publishing element
Info: WorkProductDescriptor:mecanicas_requisitadas: 10 mini seconds publishing element
Info: WorkProductDescriptor:sons_de_um_level: 12 mini seconds publishing element
Info: WorkProductDescriptor:sons_requistados: 8 mini seconds publishing element
Info: RoleDescriptor:artista_grfico: 20 mini seconds publishing element
Info: RoleDescriptor:game_designer: 10 mini seconds publishing element
Info: RoleDescriptor:msico: 10 mini seconds publishing element
Info: RoleDescriptor:programador: 20 mini seconds publishing element
Info: WorkProductDescriptor:integrao_de_level_design: 10 mini seconds publishing element
Info: RoleDescriptor:artista_grfico: 15 mini seconds publishing element
Info: RoleDescriptor:game_designer: 7 mini seconds publishing element
Info: RoleDescriptor:msico: 15 mini seconds publishing element
Info: RoleDescriptor:programador: 5 mini seconds publishing element
Info: WorkProductDescriptor:integrao_de_level_design: 20 mini seconds publishing element
Info: WorkProductDescriptor:level_design: 10 mini seconds publishing element
Info: WorkProductDescriptor:refinamento_de_level: 10 mini seconds publishing element
Info: RoleDescriptor:artista_grfico: 10 mini seconds publishing element
Info: RoleDescriptor:game_designer: 10 mini seconds publishing element
Info: RoleDescriptor:msico: 13 mini seconds publishing element
Info: RoleDescriptor:playtest: 7 mini seconds publishing element
Info: RoleDescriptor:programador: 10 mini seconds publishing element
Info: WorkProductDescriptor:jogo: 10 mini seconds publishing element
Info: RoleDescriptor:artista_grfico: 10 mini seconds publishing element
Info: RoleDescriptor:game_designer: 10 mini seconds publishing element
Info: RoleDescriptor:msico: 10 mini seconds publishing element
Info: RoleDescriptor:programador: 20 mini seconds publishing element
Info: WorkProductDescriptor:feedback_do_jogo: 5 mini seconds publishing element
Info: WorkProductDescriptor:jogo: 15 mini seconds publishing element
Info: RoleDescriptor:artista_grfico: 10 mini seconds publishing element
Info: RoleDescriptor:game_designer: 10 mini seconds publishing element
Info: RoleDescriptor:msico: 10 mini seconds publishing element
Info: RoleDescriptor:programador: 15 mini seconds publishing element
Info: WorkProductDescriptor:jogo: 5 mini seconds publishing element
Info: RoleSet:papeis_indie_game_process: 10 mini seconds publishing element
Info: Artifact:mecanicas_do_personagem: 15 mini seconds publishing element
Info: : Publishing time: 0 minutes 14 seconds
