Warning: DeliveryProcess:IndieGameProcess: missing resource file './../../indie_game_process_rpp/deliveryprocesses/Concep&ccedil;&atilde;o_DB3A79F3.html'
Warning: DeliveryProcess:IndieGameProcess: missing resource file './../../indie_game_process_rpp/deliveryprocesses/Elabora&ccedil;&atilde;o_E0BA48D5.html'
Warning: DeliveryProcess:IndieGameProcess: missing resource file './../../indie_game_process_rpp/deliveryprocesses/Produ&ccedil;&atilde;o_9D312D22.html'
Warning: DeliveryProcess:IndieGameProcess: missing resource file './../../indie_game_process_rpp/deliveryprocesses/Publica&ccedil;&atilde;o_C58AB1E8.html'
Warning: DeliveryProcess:IndieGameProcess: missing resource file './../../indie_game_process_rpp/deliveryprocesses/Concep&ccedil;&atilde;o_DB3A79F3.html'
Warning: DeliveryProcess:IndieGameProcess: missing resource file './../../indie_game_process_rpp/deliveryprocesses/Elabora&ccedil;&atilde;o_E0BA48D5.html'
Warning: DeliveryProcess:IndieGameProcess: missing resource file './../../indie_game_process_rpp/deliveryprocesses/Produ&ccedil;&atilde;o_9D312D22.html'
Warning: DeliveryProcess:IndieGameProcess: missing resource file './../../indie_game_process_rpp/deliveryprocesses/Publica&ccedil;&atilde;o_C58AB1E8.html'
Warning: Phase:Concepção: missing resource file './../../indie_game_process_rpp/deliveryprocesses/resources/Concep&ccedil;&atilde;o_DB3A79F3_Activity.jpeg'
Warning: Phase:Concepção: missing resource file './../../indie_game_process_rpp/deliveryprocesses/Vis&atilde;o geral_E5A5DB26.html'
Warning: Phase:Concepção: missing resource file './../../indie_game_process_rpp/deliveryprocesses/resources/Concep&ccedil;&atilde;o_DB3A79F3_Activity.jpeg'
Warning: Phase:Concepção: missing resource file './../../indie_game_process_rpp/deliveryprocesses/Vis&atilde;o geral_E5A5DB26.html'
Warning: Activity:Visão geral: missing resource file './../../indie_game_process_rpp/deliveryprocesses/resources/Vis&atilde;o geral_E5A5DB26_Activity.jpeg'
Warning: Activity:Visão geral: missing resource file './../../indie_game_process_rpp/deliveryprocesses/resources/Vis&atilde;o geral_E5A5DB26_ActivityDetail.jpeg'
Warning: Activity:Visão geral: missing resource file './../../indie_game_process_rpp/deliveryprocesses/Concep&ccedil;&atilde;o_DB3A79F3.html'
Warning: Activity:Visão geral: missing resource file './../../indie_game_process_rpp/deliveryprocesses/resources/Vis&atilde;o geral_E5A5DB26_Activity.jpeg'
Warning: Activity:Visão geral: missing resource file './../../indie_game_process_rpp/deliveryprocesses/resources/Vis&atilde;o geral_E5A5DB26_ActivityDetail.jpeg'
Warning: Activity:Enredo: missing resource file './../../indie_game_process_rpp/deliveryprocesses/Concep&ccedil;&atilde;o_DB3A79F3.html'
Warning: Activity:Personagem: missing resource file './../../indie_game_process_rpp/deliveryprocesses/Concep&ccedil;&atilde;o_DB3A79F3.html'
Warning: Activity:Inimigos: missing resource file './../../indie_game_process_rpp/deliveryprocesses/Concep&ccedil;&atilde;o_DB3A79F3.html'
Warning: Phase:Elaboração: missing resource file './../../indie_game_process_rpp/deliveryprocesses/resources/Elabora&ccedil;&atilde;o_E0BA48D5_Activity.jpeg'
Warning: Phase:Elaboração: missing resource file './../../indie_game_process_rpp/deliveryprocesses/Mec&acirc;nicas_1CA980CD.html'
Warning: Phase:Elaboração: missing resource file './../../indie_game_process_rpp/deliveryprocesses/resources/Elabora&ccedil;&atilde;o_E0BA48D5_Activity.jpeg'
Warning: Phase:Elaboração: missing resource file './../../indie_game_process_rpp/deliveryprocesses/Mec&acirc;nicas_1CA980CD.html'
Warning: Activity:Pesquisa de Similares: missing resource file './../../indie_game_process_rpp/deliveryprocesses/Elabora&ccedil;&atilde;o_E0BA48D5.html'
Warning: Activity:Mecânicas: missing resource file './../../indie_game_process_rpp/deliveryprocesses/resources/Mec&acirc;nicas_1CA980CD_Activity.jpeg'
Warning: Activity:Mecânicas: missing resource file './../../indie_game_process_rpp/deliveryprocesses/resources/Mec&acirc;nicas_1CA980CD_ActivityDetail.jpeg'
Warning: Activity:Mecânicas: missing resource file './../../indie_game_process_rpp/deliveryprocesses/Elabora&ccedil;&atilde;o_E0BA48D5.html'
Warning: Activity:Mecânicas: missing resource file './../../indie_game_process_rpp/deliveryprocesses/resources/Mec&acirc;nicas_1CA980CD_Activity.jpeg'
Warning: Activity:Mecânicas: missing resource file './../../indie_game_process_rpp/deliveryprocesses/resources/Mec&acirc;nicas_1CA980CD_ActivityDetail.jpeg'
Warning: Activity:Identidade: missing resource file './../../indie_game_process_rpp/deliveryprocesses/Elabora&ccedil;&atilde;o_E0BA48D5.html'
Warning: Activity:Level design: missing resource file './../../indie_game_process_rpp/deliveryprocesses/Elabora&ccedil;&atilde;o_E0BA48D5.html'
Warning: Phase:Produção: missing resource file './../../indie_game_process_rpp/deliveryprocesses/resources/Produ&ccedil;&atilde;o_9D312D22_Activity.jpeg'
Warning: Phase:Produção: missing resource file './../../indie_game_process_rpp/deliveryprocesses/Execu&ccedil;&atilde;o de level_13124F4.html'
Warning: Phase:Produção: missing resource file './../../indie_game_process_rpp/deliveryprocesses/resources/Produ&ccedil;&atilde;o_9D312D22_Activity.jpeg'
Warning: Phase:Produção: missing resource file './../../indie_game_process_rpp/deliveryprocesses/Execu&ccedil;&atilde;o de level_13124F4.html'
Warning: Iteration:Execução de level: missing resource file './../../indie_game_process_rpp/deliveryprocesses/resources/Execu&ccedil;&atilde;o de level_13124F4_Activity.jpeg'
Warning: Iteration:Execução de level: missing resource file './../../indie_game_process_rpp/deliveryprocesses/Programa&ccedil;&atilde;o do level_59694223.html'
Warning: Iteration:Execução de level: missing resource file './../../indie_game_process_rpp/deliveryprocesses/Valida&ccedil;&atilde;o do level_7E1D0B55.html'
Warning: Iteration:Execução de level: missing resource file './../../indie_game_process_rpp/deliveryprocesses/Produ&ccedil;&atilde;o de sprites_CB6CE250.html'
Warning: Iteration:Execução de level: missing resource file './../../indie_game_process_rpp/deliveryprocesses/Produ&ccedil;&atilde;o de sons_B9E4F45B.html'
Warning: Iteration:Execução de level: missing resource file './../../indie_game_process_rpp/deliveryprocesses/Produ&ccedil;&atilde;o_9D312D22.html'
Warning: Iteration:Execução de level: missing resource file './../../indie_game_process_rpp/deliveryprocesses/resources/Execu&ccedil;&atilde;o de level_13124F4_Activity.jpeg'
Warning: Iteration:Execução de level: missing resource file './../../indie_game_process_rpp/deliveryprocesses/Programa&ccedil;&atilde;o do level_59694223.html'
Warning: Iteration:Execução de level: missing resource file './../../indie_game_process_rpp/deliveryprocesses/Valida&ccedil;&atilde;o do level_7E1D0B55.html'
Warning: Iteration:Execução de level: missing resource file './../../indie_game_process_rpp/deliveryprocesses/Produ&ccedil;&atilde;o de sprites_CB6CE250.html'
Warning: Iteration:Execução de level: missing resource file './../../indie_game_process_rpp/deliveryprocesses/Produ&ccedil;&atilde;o de sons_B9E4F45B.html'
Warning: Activity:Requisitos de level: missing resource file './../../indie_game_process_rpp/deliveryprocesses/Execu&ccedil;&atilde;o de level_13124F4.html'
Warning: Activity:Produção de sprites: missing resource file './../../indie_game_process_rpp/deliveryprocesses/resources/Produ&ccedil;&atilde;o de sprites_CB6CE250_ActivityDetail.jpeg'
Warning: Activity:Produção de sprites: missing resource file './../../indie_game_process_rpp/deliveryprocesses/Execu&ccedil;&atilde;o de level_13124F4.html'
Warning: Activity:Produção de sprites: missing resource file './../../indie_game_process_rpp/deliveryprocesses/resources/Produ&ccedil;&atilde;o de sprites_CB6CE250_ActivityDetail.jpeg'
Warning: Activity:Produção de sons: missing resource file './../../indie_game_process_rpp/deliveryprocesses/resources/Produ&ccedil;&atilde;o de sons_B9E4F45B_ActivityDetail.jpeg'
Warning: Activity:Produção de sons: missing resource file './../../indie_game_process_rpp/deliveryprocesses/Execu&ccedil;&atilde;o de level_13124F4.html'
Warning: Activity:Produção de sons: missing resource file './../../indie_game_process_rpp/deliveryprocesses/resources/Produ&ccedil;&atilde;o de sons_B9E4F45B_ActivityDetail.jpeg'
Warning: Activity:Programação do level: missing resource file './../../indie_game_process_rpp/deliveryprocesses/resources/Programa&ccedil;&atilde;o do level_59694223_Activity.jpeg'
Warning: Activity:Programação do level: missing resource file './../../indie_game_process_rpp/deliveryprocesses/resources/Programa&ccedil;&atilde;o do level_59694223_ActivityDetail.jpeg'
Warning: Activity:Programação do level: missing resource file './../../indie_game_process_rpp/deliveryprocesses/Execu&ccedil;&atilde;o de level_13124F4.html'
Warning: Activity:Programação do level: missing resource file './../../indie_game_process_rpp/deliveryprocesses/resources/Programa&ccedil;&atilde;o do level_59694223_Activity.jpeg'
Warning: Activity:Programação do level: missing resource file './../../indie_game_process_rpp/deliveryprocesses/resources/Programa&ccedil;&atilde;o do level_59694223_ActivityDetail.jpeg'
Warning: Activity:Validação do level : missing resource file './../../indie_game_process_rpp/deliveryprocesses/resources/Valida&ccedil;&atilde;o do level_7E1D0B55_Activity.jpeg'
Warning: Activity:Validação do level : missing resource file './../../indie_game_process_rpp/deliveryprocesses/resources/Valida&ccedil;&atilde;o do level_7E1D0B55_ActivityDetail.jpeg'
Warning: Activity:Validação do level : missing resource file './../../indie_game_process_rpp/deliveryprocesses/Execu&ccedil;&atilde;o de level_13124F4.html'
Warning: Activity:Validação do level : missing resource file './../../indie_game_process_rpp/deliveryprocesses/resources/Valida&ccedil;&atilde;o do level_7E1D0B55_Activity.jpeg'
Warning: Activity:Validação do level : missing resource file './../../indie_game_process_rpp/deliveryprocesses/resources/Valida&ccedil;&atilde;o do level_7E1D0B55_ActivityDetail.jpeg'
Warning: Activity:Integrar levels: missing resource file './../../indie_game_process_rpp/deliveryprocesses/Produ&ccedil;&atilde;o_9D312D22.html'
Warning: Phase:Publicação: missing resource file './../../indie_game_process_rpp/deliveryprocesses/resources/Publica&ccedil;&atilde;o_C58AB1E8_Activity.jpeg'
Warning: Phase:Publicação: missing resource file './../../indie_game_process_rpp/deliveryprocesses/resources/Publica&ccedil;&atilde;o_C58AB1E8_Activity.jpeg'
Warning: Activity:Testar jogo: missing resource file './../../indie_game_process_rpp/deliveryprocesses/Publica&ccedil;&atilde;o_C58AB1E8.html'
Warning: Activity:Refinar jogo: missing resource file './../../indie_game_process_rpp/deliveryprocesses/Publica&ccedil;&atilde;o_C58AB1E8.html'
Warning: Activity:Publicar jogo: missing resource file './../../indie_game_process_rpp/deliveryprocesses/Publica&ccedil;&atilde;o_C58AB1E8.html'
